[ 2025-02-03 15:25:48,267 ] matplotlib - DEBUG - matplotlib data path: /opt/anaconda3/envs/yt/lib/python3.11/site-packages/matplotlib/mpl-data
[ 2025-02-03 15:25:48,287 ] matplotlib - DEBUG - CONFIGDIR=/Users/dhruvshrinet/.matplotlib
[ 2025-02-03 15:25:48,287 ] matplotlib - DEBUG - interactive is False
[ 2025-02-03 15:25:48,287 ] matplotlib - DEBUG - platform is darwin
[ 2025-02-03 15:25:48,310 ] matplotlib - DEBUG - CACHEDIR=/Users/dhruvshrinet/.matplotlib
[ 2025-02-03 15:25:48,311 ] matplotlib.font_manager - DEBUG - Using fontManager instance from /Users/dhruvshrinet/.matplotlib/fontlist-v390.json
[ 2025-02-03 15:25:49,694 ] tensorflow - DEBUG - Falling back to TensorFlow client; we recommended you install the Cloud TPU client directly with pip install cloud-tpu-client.
[ 2025-02-03 15:25:49,900 ] h5py._conv - DEBUG - Creating converter from 7 to 5
[ 2025-02-03 15:25:49,900 ] h5py._conv - DEBUG - Creating converter from 5 to 7
[ 2025-02-03 15:25:49,900 ] h5py._conv - DEBUG - Creating converter from 7 to 5
[ 2025-02-03 15:25:49,900 ] h5py._conv - DEBUG - Creating converter from 5 to 7
[ 2025-02-03 15:25:50,418 ] root - INFO - Data ingestion started.
[ 2025-02-03 15:25:50,418 ] root - INFO - Entered the data ingestion method or component
[ 2025-02-03 15:25:50,444 ] root - INFO - Read the dataset as dataframe
[ 2025-02-03 15:25:50,444 ] root - INFO - Train test split initiated
[ 2025-02-03 15:25:50,475 ] root - INFO - Inmgestion of the data iss completed
[ 2025-02-03 15:25:50,476 ] root - INFO - Data ingestion completed.
[ 2025-02-03 15:25:50,476 ] root - INFO - Data ingestion artifacts: ('artifacts/train.csv', 'artifacts/test.csv')
[ 2025-02-03 15:25:50,476 ] root - INFO - Entered the start_data_transformation method of TrainPipeline class
[ 2025-02-03 15:25:50,476 ] root - INFO - Data transformation started.
[ 2025-02-03 15:25:51,409 ] root - INFO - Data preprocessing completed.
[ 2025-02-03 15:25:51,430 ] root - INFO - Data transformation completed successfully.
[ 2025-02-03 15:25:51,430 ] root - INFO - Exited the start_data_transformation method of TrainPipeline class
[ 2025-02-03 15:25:51,430 ] root - ERROR - Error occurred during pipeline execution: 'TrainPipeline' object has no attribute 'start_model_trainer'
