[ 2025-02-03 15:31:55,510 ] matplotlib - DEBUG - matplotlib data path: /opt/anaconda3/envs/yt/lib/python3.11/site-packages/matplotlib/mpl-data
[ 2025-02-03 15:31:55,532 ] matplotlib - DEBUG - CONFIGDIR=/Users/dhruvshrinet/.matplotlib
[ 2025-02-03 15:31:55,533 ] matplotlib - DEBUG - interactive is False
[ 2025-02-03 15:31:55,533 ] matplotlib - DEBUG - platform is darwin
[ 2025-02-03 15:31:55,555 ] matplotlib - DEBUG - CACHEDIR=/Users/dhruvshrinet/.matplotlib
[ 2025-02-03 15:31:55,557 ] matplotlib.font_manager - DEBUG - Using fontManager instance from /Users/dhruvshrinet/.matplotlib/fontlist-v390.json
[ 2025-02-03 15:31:56,941 ] tensorflow - DEBUG - Falling back to TensorFlow client; we recommended you install the Cloud TPU client directly with pip install cloud-tpu-client.
[ 2025-02-03 15:31:57,130 ] h5py._conv - DEBUG - Creating converter from 7 to 5
[ 2025-02-03 15:31:57,130 ] h5py._conv - DEBUG - Creating converter from 5 to 7
[ 2025-02-03 15:31:57,130 ] h5py._conv - DEBUG - Creating converter from 7 to 5
[ 2025-02-03 15:31:57,130 ] h5py._conv - DEBUG - Creating converter from 5 to 7
[ 2025-02-03 15:31:57,673 ] root - INFO - Data ingestion started.
[ 2025-02-03 15:31:57,673 ] root - INFO - Entered the data ingestion method or component
[ 2025-02-03 15:31:57,706 ] root - INFO - Read the dataset as dataframe
[ 2025-02-03 15:31:57,706 ] root - INFO - Train test split initiated
[ 2025-02-03 15:31:57,747 ] root - INFO - Inmgestion of the data iss completed
[ 2025-02-03 15:31:57,748 ] root - INFO - Data ingestion completed.
[ 2025-02-03 15:31:57,748 ] root - INFO - Data ingestion artifacts: ('artifacts/train.csv', 'artifacts/test.csv')
[ 2025-02-03 15:31:57,748 ] root - INFO - Entered the start_data_transformation method of TrainPipeline class
[ 2025-02-03 15:31:57,748 ] root - INFO - Data transformation started.
[ 2025-02-03 15:31:58,684 ] root - INFO - Data preprocessing completed.
[ 2025-02-03 15:31:58,705 ] root - INFO - Data transformation completed successfully.
[ 2025-02-03 15:31:58,706 ] root - INFO - Exited the start_data_transformation method of TrainPipeline class
[ 2025-02-03 15:31:58,706 ] root - INFO - Entered the start_model_trainer method of TrainPipeline class
[ 2025-02-03 15:31:58,706 ] root - INFO - Entered initiate_model_trainer method of ModelTrainer class
[ 2025-02-03 15:31:58,706 ] root - INFO - Entered the initiate_model_trainer function 
[ 2025-02-03 15:31:58,706 ] root - ERROR - Error in splitting data: [Errno 2] No such file or directory: '02_03_2025_14_23_10/DataTransformationArtifacts/final.csv'
[ 2025-02-03 15:31:58,706 ] root - ERROR - Error occurred during pipeline execution: Error occurred python script name [/Users/dhruvshrinet/Desktop/NLP/youtubeComments/pipeline/train_pipeline.py] line number [53] error message [Error occurred python script name [/Users/dhruvshrinet/Desktop/NLP/youtubeComments/components/model_trainer.py] line number [77] error message [CustomException.__init__() missing 1 required positional argument: 'error_detail']]
