[ 2025-02-03 14:20:56,933 ] matplotlib - DEBUG - matplotlib data path: /opt/anaconda3/envs/yt/lib/python3.11/site-packages/matplotlib/mpl-data
[ 2025-02-03 14:20:56,954 ] matplotlib - DEBUG - CONFIGDIR=/Users/dhruvshrinet/.matplotlib
[ 2025-02-03 14:20:56,955 ] matplotlib - DEBUG - interactive is False
[ 2025-02-03 14:20:56,955 ] matplotlib - DEBUG - platform is darwin
[ 2025-02-03 14:20:56,983 ] matplotlib - DEBUG - CACHEDIR=/Users/dhruvshrinet/.matplotlib
[ 2025-02-03 14:20:56,984 ] matplotlib.font_manager - DEBUG - Using fontManager instance from /Users/dhruvshrinet/.matplotlib/fontlist-v390.json
[ 2025-02-03 14:20:58,424 ] tensorflow - DEBUG - Falling back to TensorFlow client; we recommended you install the Cloud TPU client directly with pip install cloud-tpu-client.
[ 2025-02-03 14:20:58,630 ] h5py._conv - DEBUG - Creating converter from 7 to 5
[ 2025-02-03 14:20:58,630 ] h5py._conv - DEBUG - Creating converter from 5 to 7
[ 2025-02-03 14:20:58,630 ] h5py._conv - DEBUG - Creating converter from 7 to 5
[ 2025-02-03 14:20:58,630 ] h5py._conv - DEBUG - Creating converter from 5 to 7
[ 2025-02-03 14:20:59,191 ] root - INFO - Data ingestion started.
[ 2025-02-03 14:20:59,191 ] root - INFO - Entered the data ingestion method or component
[ 2025-02-03 14:20:59,221 ] root - INFO - Read the dataset as dataframe
[ 2025-02-03 14:20:59,221 ] root - INFO - Train test split initiated
[ 2025-02-03 14:20:59,258 ] root - INFO - Inmgestion of the data iss completed
[ 2025-02-03 14:20:59,259 ] root - INFO - Data ingestion completed.
[ 2025-02-03 14:20:59,259 ] root - INFO - Data ingestion artifacts: ('artifacts/train.csv', 'artifacts/test.csv')
[ 2025-02-03 14:20:59,259 ] root - INFO - Entered the start_data_transformation method of TrainPipeline class
[ 2025-02-03 14:20:59,259 ] root - INFO - Data transformation started.
[ 2025-02-03 14:21:00,230 ] root - INFO - Data preprocessing completed.
[ 2025-02-03 14:21:00,231 ] root - ERROR - Error occurred during pipeline execution: Error occurred python script name [/Users/dhruvshrinet/Desktop/NLP/youtubeComments/pipeline/train_pipeline.py] line number [33] error message ['DataTransformationConfig' object has no attribute 'TRANSFORMED_FINAL_PATH']
